<?xml version="1.0" encoding="UTF-8"?>
<testng-results skipped="0" failed="1" ignored="0" total="4" passed="3">
  <reporter-output>
  </reporter-output>
  <suite name="Default suite" duration-ms="40112" started-at="2020-06-26T15:14:08Z" finished-at="2020-06-26T15:14:48Z">
    <groups>
    </groups>
    <test name="Default test" duration-ms="40112" started-at="2020-06-26T15:14:08Z" finished-at="2020-06-26T15:14:48Z">
      <class name="SeleniumBasics.AllSeleniumConcepts">
        <test-method status="PASS" signature="init()[pri:0, instance:SeleniumBasics.AllSeleniumConcepts@3891771e]" name="init" is-config="true" duration-ms="11980" started-at="2020-06-26T10:14:08Z" finished-at="2020-06-26T10:14:20Z">
          <reporter-output>
          </reporter-output>
        </test-method> <!-- init -->
        <test-method status="PASS" signature="checkBoxes()[pri:0, instance:SeleniumBasics.AllSeleniumConcepts@3891771e]" name="checkBoxes" duration-ms="4664" started-at="2020-06-26T10:14:20Z" finished-at="2020-06-26T10:14:25Z">
          <reporter-output>
          </reporter-output>
        </test-method> <!-- checkBoxes -->
        <test-method status="PASS" signature="dropDowns()[pri:1, instance:SeleniumBasics.AllSeleniumConcepts@3891771e]" name="dropDowns" duration-ms="9067" started-at="2020-06-26T10:14:25Z" finished-at="2020-06-26T10:14:34Z">
          <reporter-output>
          </reporter-output>
        </test-method> <!-- dropDowns -->
        <test-method status="PASS" signature="radioButtons()[pri:2, instance:SeleniumBasics.AllSeleniumConcepts@3891771e]" name="radioButtons" duration-ms="2320" started-at="2020-06-26T10:14:34Z" finished-at="2020-06-26T10:14:36Z">
          <reporter-output>
          </reporter-output>
        </test-method> <!-- radioButtons -->
        <test-method status="FAIL" signature="newWindow()[pri:3, instance:SeleniumBasics.AllSeleniumConcepts@3891771e]" name="newWindow" duration-ms="11321" started-at="2020-06-26T10:14:36Z" finished-at="2020-06-26T10:14:48Z">
          <exception class="org.openqa.selenium.NoSuchElementException">
            <message>
              <![CDATA[no such element: Unable to locate element: {"method":"xpath","selector":"//a[text()='Courses']"}  (Session info: chrome=83.0.4103.106)For documentation on this error, please visit: http://seleniumhq.org/exceptions/no_such_element.htmlBuild info: version: '3.8.1', revision: '6e95a6684b', time: '2017-12-01T19:05:32.194Z'System info: host: 'LAPTOP-QFI6FBF4', ip: '169.254.54.22', os.name: 'Windows 10', os.arch: 'amd64', os.version: '10.0', java.version: '1.8.0_151'Driver info: org.openqa.selenium.chrome.ChromeDriverCapabilities {acceptInsecureCerts: false, browserName: chrome, browserVersion: 83.0.4103.106, chrome: {chromedriverVersion: 83.0.4103.39 (ccbf011cb2d2b..., userDataDir: C:\Users\mknpt\AppData\Loca...}, goog:chromeOptions: {debuggerAddress: localhost:18449}, javascriptEnabled: true, networkConnectionEnabled: false, pageLoadStrategy: eager, platform: WINDOWS, platformName: WINDOWS, proxy: Proxy(), setWindowRect: true, strictFileInteractability: false, timeouts: {implicit: 0, pageLoad: 300000, script: 30000}, unhandledPromptBehavior: dismiss and notify, webauthn:virtualAuthenticators: true}Session ID: 53af7341604656ccf71827682bed5378*** Element info: {Using=xpath, value=//a[text()='Courses']}]]>
            </message>
            <full-stacktrace>
              <![CDATA[org.openqa.selenium.NoSuchElementException: no such element: Unable to locate element: {"method":"xpath","selector":"//a[text()='Courses']"}  (Session info: chrome=83.0.4103.106)For documentation on this error, please visit: http://seleniumhq.org/exceptions/no_such_element.htmlBuild info: version: '3.8.1', revision: '6e95a6684b', time: '2017-12-01T19:05:32.194Z'System info: host: 'LAPTOP-QFI6FBF4', ip: '169.254.54.22', os.name: 'Windows 10', os.arch: 'amd64', os.version: '10.0', java.version: '1.8.0_151'Driver info: org.openqa.selenium.chrome.ChromeDriverCapabilities {acceptInsecureCerts: false, browserName: chrome, browserVersion: 83.0.4103.106, chrome: {chromedriverVersion: 83.0.4103.39 (ccbf011cb2d2b..., userDataDir: C:\Users\mknpt\AppData\Loca...}, goog:chromeOptions: {debuggerAddress: localhost:18449}, javascriptEnabled: true, networkConnectionEnabled: false, pageLoadStrategy: eager, platform: WINDOWS, platformName: WINDOWS, proxy: Proxy(), setWindowRect: true, strictFileInteractability: false, timeouts: {implicit: 0, pageLoad: 300000, script: 30000}, unhandledPromptBehavior: dismiss and notify, webauthn:virtualAuthenticators: true}Session ID: 53af7341604656ccf71827682bed5378*** Element info: {Using=xpath, value=//a[text()='Courses']}at sun.reflect.NativeConstructorAccessorImpl.newInstance0(Native Method)at sun.reflect.NativeConstructorAccessorImpl.newInstance(Unknown Source)at sun.reflect.DelegatingConstructorAccessorImpl.newInstance(Unknown Source)at java.lang.reflect.Constructor.newInstance(Unknown Source)at org.openqa.selenium.remote.http.W3CHttpResponseCodec.createException(W3CHttpResponseCodec.java:187)at org.openqa.selenium.remote.http.W3CHttpResponseCodec.decode(W3CHttpResponseCodec.java:122)at org.openqa.selenium.remote.http.W3CHttpResponseCodec.decode(W3CHttpResponseCodec.java:49)at org.openqa.selenium.remote.HttpCommandExecutor.execute(HttpCommandExecutor.java:164)at org.openqa.selenium.remote.service.DriverCommandExecutor.execute(DriverCommandExecutor.java:83)at org.openqa.selenium.remote.RemoteWebDriver.execute(RemoteWebDriver.java:601)at org.openqa.selenium.remote.RemoteWebDriver.findElement(RemoteWebDriver.java:371)at org.openqa.selenium.remote.RemoteWebDriver.findElementByXPath(RemoteWebDriver.java:473)at org.openqa.selenium.By$ByXPath.findElement(By.java:361)at org.openqa.selenium.remote.RemoteWebDriver.findElement(RemoteWebDriver.java:363)at SeleniumBasics.AllSeleniumConcepts.newWindow(AllSeleniumConcepts.java:124)at sun.reflect.NativeMethodAccessorImpl.invoke0(Native Method)at sun.reflect.NativeMethodAccessorImpl.invoke(Unknown Source)at sun.reflect.DelegatingMethodAccessorImpl.invoke(Unknown Source)at java.lang.reflect.Method.invoke(Unknown Source)at org.testng.internal.MethodInvocationHelper.invokeMethod(MethodInvocationHelper.java:124)at org.testng.internal.Invoker.invokeMethod(Invoker.java:571)at org.testng.internal.Invoker.invokeTestMethod(Invoker.java:707)at org.testng.internal.Invoker.invokeTestMethods(Invoker.java:979)at org.testng.internal.TestMethodWorker.invokeTestMethods(TestMethodWorker.java:125)at org.testng.internal.TestMethodWorker.run(TestMethodWorker.java:109)at org.testng.TestRunner.privateRun(TestRunner.java:648)at org.testng.TestRunner.run(TestRunner.java:505)at org.testng.SuiteRunner.runTest(SuiteRunner.java:455)at org.testng.SuiteRunner.runSequentially(SuiteRunner.java:450)at org.testng.SuiteRunner.privateRun(SuiteRunner.java:415)at org.testng.SuiteRunner.run(SuiteRunner.java:364)at org.testng.SuiteRunnerWorker.runSuite(SuiteRunnerWorker.java:52)at org.testng.SuiteRunnerWorker.run(SuiteRunnerWorker.java:84)at org.testng.TestNG.runSuitesSequentially(TestNG.java:1187)at org.testng.TestNG.runSuitesLocally(TestNG.java:1116)at org.testng.TestNG.runSuites(TestNG.java:1028)at org.testng.TestNG.run(TestNG.java:996)at org.testng.remote.AbstractRemoteTestNG.run(AbstractRemoteTestNG.java:114)at org.testng.remote.RemoteTestNG.initAndRun(RemoteTestNG.java:251)at org.testng.remote.RemoteTestNG.main(RemoteTestNG.java:77)]]>
            </full-stacktrace>
          </exception> <!-- org.openqa.selenium.NoSuchElementException -->
          <reporter-output>
          </reporter-output>
        </test-method> <!-- newWindow -->
        <test-method status="PASS" signature="quit()[pri:0, instance:SeleniumBasics.AllSeleniumConcepts@3891771e]" name="quit" is-config="true" duration-ms="712" started-at="2020-06-26T10:14:48Z" finished-at="2020-06-26T10:14:48Z">
          <reporter-output>
          </reporter-output>
        </test-method> <!-- quit -->
      </class> <!-- SeleniumBasics.AllSeleniumConcepts -->
    </test> <!-- Default test -->
  </suite> <!-- Default suite -->
</testng-results>
